<?xml version="1.0" encoding="UTF-8"?>
<!-- Generated by org.testng.reporters.JUnitXMLReporter -->
<testsuite hostname="LNAR-5CG03294K4" ignored="0" name="Test" tests="10" failures="0" timestamp="2021-03-10T17:08:48 PST" time="24.91" errors="0">
  <testcase name="initDriver" time="7.102" classname="testCases.PlaceOrder"/>
  <testcase name="openWebPortal" time="3.42" classname="testCases.PlaceOrder"/>
  <testcase name="searchBarElement" time="0.323" classname="testCases.PlaceOrder"/>
  <testcase name="enterText" time="0.243" classname="testCases.PlaceOrder"/>
  <testcase name="clickElement" time="6.472" classname="testCases.PlaceOrder"/>
  <testcase name="clickItem" time="3.531" classname="testCases.PlaceOrder"/>
  <testcase name="itemPrice" time="0.264" classname="testCases.PlaceOrder"/>
  <testcase name="addToCart" time="2.194" classname="testCases.PlaceOrder"/>
  <testcase name="verifyPriceBeforeCheckout" time="0.092" classname="testCases.PlaceOrder"/>
  <testcase name="proceedToCheckOut" time="1.156" classname="testCases.PlaceOrder"/>
</testsuite> <!-- Test -->
